Info: CustomCategory:visao: 78 mini seconds publishing element
Info: CustomCategory:introduo_ao_icp: 47 mini seconds publishing element
Info: Whitepaper:sobre_o_icp: 31 mini seconds publishing element
Info: CustomCategory:valores: 41 mini seconds publishing element
Info: Whitepaper:comunicao: 31 mini seconds publishing element
Info: Whitepaper:compromisso: 31 mini seconds publishing element
Info: Whitepaper:respeito: 16 mini seconds publishing element
Info: CustomCategory:eventos: 47 mini seconds publishing element
Info: Practice:reunio_de_exposio: 16 mini seconds publishing element
Info: Practice:reunio_inicial: 31 mini seconds publishing element
Info: Practice:reunies_semanais: 15 mini seconds publishing element
Info: Practice:workshop: 32 mini seconds publishing element
Info: Tool:Tools: 31 mini seconds publishing element
Info: ToolMentor:astah: 31 mini seconds publishing element
Info: ToolMentor:github: 16 mini seconds publishing element
Info: ToolMentor:mantis: 31 mini seconds publishing element
Info: ToolMentor:teamspeak: 16 mini seconds publishing element
Info: ToolMentor:trello: 31 mini seconds publishing element
Info: DisciplineGrouping:disciplinas: 31 mini seconds publishing element
Info: Discipline:requisitos: 31 mini seconds publishing element
Info: Task:levantamento_analise_requisitos: 63 mini seconds publishing element
Info: Task:construo_da_wiki: 31 mini seconds publishing element
Info: Task:definio_de_prazos: 16 mini seconds publishing element
Info: Discipline:projeto: 15 mini seconds publishing element
Info: Task:definio_de_releases: 32 mini seconds publishing element
Info: Task:definio_de_tecnologias: 31 mini seconds publishing element
Info: Task:refinamento_de_diagramas: 16 mini seconds publishing element
Info: Discipline:implementao: 16 mini seconds publishing element
Info: Task:desenvolvimento_do_banco_de_dados: 15 mini seconds publishing element
Info: Task:implementao_do_sistema: 32 mini seconds publishing element
Info: Discipline:teste: 15 mini seconds publishing element
Info: Task:realizar_teste: 32 mini seconds publishing element
Info: RoleSet:papis: 31 mini seconds publishing element
Info: Role:gerente_de_projeto: 109 mini seconds publishing element
Info: Role:analista_de_sistemas: 115 mini seconds publishing element
Info: Role:coletor_de_dados: 94 mini seconds publishing element
Info: Role:analista_de_banco_de_dados: 78 mini seconds publishing element
Info: Role:programador_junior: 78 mini seconds publishing element
Info: Role:programador_senior: 63 mini seconds publishing element
Info: Role:testador: 94 mini seconds publishing element
Info: WorkProductType:produtos_de_trabalho: 31 mini seconds publishing element
Info: Artifact:diagrama_de_classes: 47 mini seconds publishing element
Info: Artifact:modelo_de_casos_de_uso: 47 mini seconds publishing element
Info: Artifact:casos_de_teste: 15 mini seconds publishing element
Info: Artifact:registro_de_teste: 32 mini seconds publishing element
Info: Artifact:software_requirement_specification_srs: 46 mini seconds publishing element
Info: Artifact:wiki: 32 mini seconds publishing element
Info: Example:diagrama_de_classes_de_domnio: 31 mini seconds publishing element
Info: Example:diagrama_de_casos_de_uso: 33 mini seconds publishing element
Info: Example:especificao_de_casos_de_uso: 47 mini seconds publishing element
Info: : Publishing time: 0 minutes 4 seconds
